This file contains any messages produced by compilers while
running configure, to aid debugging if configure makes a mistake.

It was created by user-manage-client configure 1.1.0, which was
generated by GNU Autoconf 2.69.  Invocation command line was

  $ ./configure --build=i686-linux-gnu --prefix=/usr --includedir=${prefix}/include --mandir=${prefix}/share/man --infodir=${prefix}/share/info --sysconfdir=/etc --localstatedir=/var --libdir=${prefix}/lib/i386-linux-gnu --libexecdir=${prefix}/lib/i386-linux-gnu --disable-maintainer-mode --disable-dependency-tracking

## --------- ##
## Platform. ##
## --------- ##

hostname = levi-TEST
uname -m = i686
uname -r = 3.8.13.13-cdos
uname -s = Linux
uname -v = #1 SMP Mon Nov 17 14:31:23 CST 2014

/usr/bin/uname -p = unknown
/bin/uname -X     = unknown

/bin/arch              = unknown
/usr/bin/arch -k       = unknown
/usr/convex/getsysinfo = unknown
/usr/bin/hostinfo      = unknown
/bin/machine           = unknown
/usr/bin/oslevel       = unknown
/bin/universe          = unknown

PATH: /usr/local/sbin
PATH: /usr/local/bin
PATH: /usr/sbin
PATH: /usr/bin
PATH: /sbin
PATH: /bin
PATH: /usr/games
PATH: /usr/local/games


## ----------- ##
## Core tests. ##
## ----------- ##

configure:2250: checking for a BSD-compatible install
configure:2318: result: /usr/bin/install -c
configure:2329: checking whether build environment is sane
configure:2384: result: yes
configure:2535: checking for a thread-safe mkdir -p
configure:2574: result: /bin/mkdir -p
configure:2581: checking for gawk
configure:2597: found /usr/bin/gawk
configure:2608: result: gawk
configure:2619: checking whether make sets $(MAKE)
configure:2641: result: yes
configure:2670: checking whether make supports nested variables
configure:2687: result: yes
configure:2863: checking for gcc
configure:2879: found /usr/bin/gcc
configure:2890: result: gcc
configure:3119: checking for C compiler version
configure:3128: gcc --version >&5
gcc (LinuxMint 4.8.2-19ubuntu1) 4.8.4 20141007 (prerelease)
Copyright (C) 2013 Free Software Foundation, Inc.
This is free software; see the source for copying conditions.  There is NO
warranty; not even for MERCHANTABILITY or FITNESS FOR A PARTICULAR PURPOSE.

configure:3139: $? = 0
configure:3128: gcc -v >&5
Using built-in specs.
COLLECT_GCC=gcc
COLLECT_LTO_WRAPPER=/usr/lib/gcc/i686-linux-gnu/4.8/lto-wrapper
Target: i686-linux-gnu
Configured with: ../src/configure -v --with-pkgversion='LinuxMint 4.8.2-19ubuntu1' --with-bugurl=file:///usr/share/doc/gcc-4.8/README.Bugs --enable-languages=c,c++,java,go,d,fortran,objc,obj-c++ --prefix=/usr --program-suffix=-4.8 --enable-shared --enable-linker-build-id --libexecdir=/usr/lib --without-included-gettext --enable-threads=posix --with-gxx-include-dir=/usr/include/c++/4.8 --libdir=/usr/lib --enable-nls --with-sysroot=/ --enable-clocale=gnu --enable-libstdcxx-debug --enable-libstdcxx-time=yes --enable-gnu-unique-object --disable-libmudflap --enable-plugin --with-system-zlib --disable-browser-plugin --enable-java-awt=gtk --enable-gtk-cairo --with-java-home=/usr/lib/jvm/java-1.5.0-gcj-4.8-i386/jre --enable-java-home --with-jvm-root-dir=/usr/lib/jvm/java-1.5.0-gcj-4.8-i386 --with-jvm-jar-dir=/usr/lib/jvm-exports/java-1.5.0-gcj-4.8-i386 --with-arch-directory=i386 --with-ecj-jar=/usr/share/java/eclipse-ecj.jar --enable-objc-gc --enable-targets=all --enable-multiarch --disable-werror --with-arch-32=i686 --with-multilib-list=m32,m64,mx32 --with-tune=generic --enable-checking=release --build=i686-linux-gnu --host=i686-linux-gnu --target=i686-linux-gnu
Thread model: posix
gcc version 4.8.4 20141007 (prerelease) (LinuxMint 4.8.2-19ubuntu1) 
configure:3139: $? = 0
configure:3128: gcc -V >&5
gcc: error: unrecognized command line option '-V'
gcc: fatal error: no input files
compilation terminated.
configure:3139: $? = 4
configure:3128: gcc -qversion >&5
gcc: error: unrecognized command line option '-qversion'
gcc: fatal error: no input files
compilation terminated.
configure:3139: $? = 4
configure:3159: checking whether the C compiler works
configure:3181: gcc -g -O2 -fstack-protector --param=ssp-buffer-size=4 -Wformat -Werror=format-security -D_FORTIFY_SOURCE=2 -Wl,-Bsymbolic-functions -Wl,-z,relro conftest.c  >&5
configure:3185: $? = 0
configure:3233: result: yes
configure:3236: checking for C compiler default output file name
configure:3238: result: a.out
configure:3244: checking for suffix of executables
configure:3251: gcc -o conftest -g -O2 -fstack-protector --param=ssp-buffer-size=4 -Wformat -Werror=format-security -D_FORTIFY_SOURCE=2 -Wl,-Bsymbolic-functions -Wl,-z,relro conftest.c  >&5
configure:3255: $? = 0
configure:3277: result: 
configure:3299: checking whether we are cross compiling
configure:3307: gcc -o conftest -g -O2 -fstack-protector --param=ssp-buffer-size=4 -Wformat -Werror=format-security -D_FORTIFY_SOURCE=2 -Wl,-Bsymbolic-functions -Wl,-z,relro conftest.c  >&5
configure:3311: $? = 0
configure:3318: ./conftest
configure:3322: $? = 0
configure:3337: result: no
configure:3342: checking for suffix of object files
configure:3364: gcc -c -g -O2 -fstack-protector --param=ssp-buffer-size=4 -Wformat -Werror=format-security -D_FORTIFY_SOURCE=2 conftest.c >&5
configure:3368: $? = 0
configure:3389: result: o
configure:3393: checking whether we are using the GNU C compiler
configure:3412: gcc -c -g -O2 -fstack-protector --param=ssp-buffer-size=4 -Wformat -Werror=format-security -D_FORTIFY_SOURCE=2 conftest.c >&5
configure:3412: $? = 0
configure:3421: result: yes
configure:3430: checking whether gcc accepts -g
configure:3450: gcc -c -g -D_FORTIFY_SOURCE=2 conftest.c >&5
configure:3450: $? = 0
configure:3491: result: yes
configure:3508: checking for gcc option to accept ISO C89
configure:3571: gcc  -c -g -O2 -fstack-protector --param=ssp-buffer-size=4 -Wformat -Werror=format-security -D_FORTIFY_SOURCE=2 conftest.c >&5
configure:3571: $? = 0
configure:3584: result: none needed
configure:3609: checking whether gcc understands -c and -o together
configure:3631: gcc -c conftest.c -o conftest2.o
configure:3634: $? = 0
configure:3631: gcc -c conftest.c -o conftest2.o
configure:3634: $? = 0
configure:3646: result: yes
configure:3674: checking for style of include used by make
configure:3702: result: GNU
configure:3728: checking dependency style of gcc
configure:3839: result: none
configure:3858: checking for pow in -lm
configure:3883: gcc -o conftest -g -O2 -fstack-protector --param=ssp-buffer-size=4 -Wformat -Werror=format-security -D_FORTIFY_SOURCE=2 -Wl,-Bsymbolic-functions -Wl,-z,relro conftest.c -lm   >&5
conftest.c:18:6: warning: conflicting types for built-in function 'pow' [enabled by default]
 char pow ();
      ^
configure:3883: $? = 0
configure:3892: result: yes
configure:3904: checking for pthread_create in -lpthread
configure:3929: gcc -o conftest -g -O2 -fstack-protector --param=ssp-buffer-size=4 -Wformat -Werror=format-security -D_FORTIFY_SOURCE=2 -Wl,-Bsymbolic-functions -Wl,-z,relro conftest.c -lpthread  -lm  >&5
configure:3929: $? = 0
configure:3938: result: yes
configure:3949: checking for gtk_init in -lgtk+-3.0
configure:3974: gcc -o conftest -g -O2 -fstack-protector --param=ssp-buffer-size=4 -Wformat -Werror=format-security -D_FORTIFY_SOURCE=2 -Wl,-Bsymbolic-functions -Wl,-z,relro conftest.c -lgtk+-3.0  -lpthread -lm  >&5
/usr/bin/ld: cannot find -lgtk+-3.0
collect2: error: ld returned 1 exit status
configure:3974: $? = 1
configure: failed program was:
| /* confdefs.h */
| #define PACKAGE_NAME "user-manage-client"
| #define PACKAGE_TARNAME "user-manage-client"
| #define PACKAGE_VERSION "1.1.0"
| #define PACKAGE_STRING "user-manage-client 1.1.0"
| #define PACKAGE_BUGREPORT "NULL"
| #define PACKAGE_URL ""
| #define PACKAGE "user-manage-client"
| #define VERSION "1.1.0"
| #define HAVE_LIBM 1
| #define HAVE_LIBPTHREAD 1
| /* end confdefs.h.  */
| 
| /* Override any GCC internal prototype to avoid an error.
|    Use char because int might match the return type of a GCC
|    builtin and then its argument prototype would still apply.  */
| #ifdef __cplusplus
| extern "C"
| #endif
| char gtk_init ();
| int
| main ()
| {
| return gtk_init ();
|   ;
|   return 0;
| }
configure:3983: result: no
configure:4016: checking for pkg-config
configure:4034: found /usr/bin/pkg-config
configure:4047: result: /usr/bin/pkg-config
configure:4069: checking for GTK+ - version >= 3.0.0
configure:4179: gcc -o conftest -g -O2 -fstack-protector --param=ssp-buffer-size=4 -Wformat -Werror=format-security -pthread -I/usr/include/gtk-3.0 -I/usr/include/atk-1.0 -I/usr/include/at-spi2-atk/2.0 -I/usr/include/pango-1.0 -I/usr/include/gio-unix-2.0/ -I/usr/include/cairo -I/usr/include/gdk-pixbuf-2.0 -I/usr/include/glib-2.0 -I/usr/lib/i386-linux-gnu/glib-2.0/include -I/usr/include/harfbuzz -I/usr/include/freetype2 -I/usr/include/pixman-1 -I/usr/include/libpng12   -D_FORTIFY_SOURCE=2 -Wl,-Bsymbolic-functions -Wl,-z,relro conftest.c -lgtk-3 -lgdk-3 -latk-1.0 -lgio-2.0 -lpangocairo-1.0 -lgdk_pixbuf-2.0 -lcairo-gobject -lpango-1.0 -lcairo -lgobject-2.0 -lglib-2.0   -lpthread -lm  >&5
configure:4179: $? = 0
configure:4179: ./conftest
configure:4179: $? = 0
configure:4193: result: yes (version 3.10.8)
configure:4260: checking how to run the C preprocessor
configure:4291: gcc -E -D_FORTIFY_SOURCE=2 conftest.c
configure:4291: $? = 0
configure:4305: gcc -E -D_FORTIFY_SOURCE=2 conftest.c
conftest.c:13:28: fatal error: ac_nonexistent.h: No such file or directory
 #include <ac_nonexistent.h>
                            ^
compilation terminated.
configure:4305: $? = 1
configure: failed program was:
| /* confdefs.h */
| #define PACKAGE_NAME "user-manage-client"
| #define PACKAGE_TARNAME "user-manage-client"
| #define PACKAGE_VERSION "1.1.0"
| #define PACKAGE_STRING "user-manage-client 1.1.0"
| #define PACKAGE_BUGREPORT "NULL"
| #define PACKAGE_URL ""
| #define PACKAGE "user-manage-client"
| #define VERSION "1.1.0"
| #define HAVE_LIBM 1
| #define HAVE_LIBPTHREAD 1
| /* end confdefs.h.  */
| #include <ac_nonexistent.h>
configure:4330: result: gcc -E
configure:4350: gcc -E -D_FORTIFY_SOURCE=2 conftest.c
configure:4350: $? = 0
configure:4364: gcc -E -D_FORTIFY_SOURCE=2 conftest.c
conftest.c:13:28: fatal error: ac_nonexistent.h: No such file or directory
 #include <ac_nonexistent.h>
                            ^
compilation terminated.
configure:4364: $? = 1
configure: failed program was:
| /* confdefs.h */
| #define PACKAGE_NAME "user-manage-client"
| #define PACKAGE_TARNAME "user-manage-client"
| #define PACKAGE_VERSION "1.1.0"
| #define PACKAGE_STRING "user-manage-client 1.1.0"
| #define PACKAGE_BUGREPORT "NULL"
| #define PACKAGE_URL ""
| #define PACKAGE "user-manage-client"
| #define VERSION "1.1.0"
| #define HAVE_LIBM 1
| #define HAVE_LIBPTHREAD 1
| /* end confdefs.h.  */
| #include <ac_nonexistent.h>
configure:4393: checking for grep that handles long lines and -e
configure:4451: result: /bin/grep
configure:4456: checking for egrep
configure:4518: result: /bin/grep -E
configure:4523: checking for ANSI C header files
configure:4543: gcc -c -g -O2 -fstack-protector --param=ssp-buffer-size=4 -Wformat -Werror=format-security -D_FORTIFY_SOURCE=2 conftest.c >&5
configure:4543: $? = 0
configure:4616: gcc -o conftest -g -O2 -fstack-protector --param=ssp-buffer-size=4 -Wformat -Werror=format-security -D_FORTIFY_SOURCE=2 -Wl,-Bsymbolic-functions -Wl,-z,relro conftest.c -lpthread -lm  >&5
configure:4616: $? = 0
configure:4616: ./conftest
configure:4616: $? = 0
configure:4627: result: yes
configure:4640: checking for sys/types.h
configure:4640: gcc -c -g -O2 -fstack-protector --param=ssp-buffer-size=4 -Wformat -Werror=format-security -D_FORTIFY_SOURCE=2 conftest.c >&5
configure:4640: $? = 0
configure:4640: result: yes
configure:4640: checking for sys/stat.h
configure:4640: gcc -c -g -O2 -fstack-protector --param=ssp-buffer-size=4 -Wformat -Werror=format-security -D_FORTIFY_SOURCE=2 conftest.c >&5
configure:4640: $? = 0
configure:4640: result: yes
configure:4640: checking for stdlib.h
configure:4640: gcc -c -g -O2 -fstack-protector --param=ssp-buffer-size=4 -Wformat -Werror=format-security -D_FORTIFY_SOURCE=2 conftest.c >&5
configure:4640: $? = 0
configure:4640: result: yes
configure:4640: checking for string.h
configure:4640: gcc -c -g -O2 -fstack-protector --param=ssp-buffer-size=4 -Wformat -Werror=format-security -D_FORTIFY_SOURCE=2 conftest.c >&5
configure:4640: $? = 0
configure:4640: result: yes
configure:4640: checking for memory.h
configure:4640: gcc -c -g -O2 -fstack-protector --param=ssp-buffer-size=4 -Wformat -Werror=format-security -D_FORTIFY_SOURCE=2 conftest.c >&5
configure:4640: $? = 0
configure:4640: result: yes
configure:4640: checking for strings.h
configure:4640: gcc -c -g -O2 -fstack-protector --param=ssp-buffer-size=4 -Wformat -Werror=format-security -D_FORTIFY_SOURCE=2 conftest.c >&5
configure:4640: $? = 0
configure:4640: result: yes
configure:4640: checking for inttypes.h
configure:4640: gcc -c -g -O2 -fstack-protector --param=ssp-buffer-size=4 -Wformat -Werror=format-security -D_FORTIFY_SOURCE=2 conftest.c >&5
configure:4640: $? = 0
configure:4640: result: yes
configure:4640: checking for stdint.h
configure:4640: gcc -c -g -O2 -fstack-protector --param=ssp-buffer-size=4 -Wformat -Werror=format-security -D_FORTIFY_SOURCE=2 conftest.c >&5
configure:4640: $? = 0
configure:4640: result: yes
configure:4640: checking for unistd.h
configure:4640: gcc -c -g -O2 -fstack-protector --param=ssp-buffer-size=4 -Wformat -Werror=format-security -D_FORTIFY_SOURCE=2 conftest.c >&5
configure:4640: $? = 0
configure:4640: result: yes
configure:4655: checking arpa/inet.h usability
configure:4655: gcc -c -g -O2 -fstack-protector --param=ssp-buffer-size=4 -Wformat -Werror=format-security -D_FORTIFY_SOURCE=2 conftest.c >&5
configure:4655: $? = 0
configure:4655: result: yes
configure:4655: checking arpa/inet.h presence
configure:4655: gcc -E -D_FORTIFY_SOURCE=2 conftest.c
configure:4655: $? = 0
configure:4655: result: yes
configure:4655: checking for arpa/inet.h
configure:4655: result: yes
configure:4655: checking fcntl.h usability
configure:4655: gcc -c -g -O2 -fstack-protector --param=ssp-buffer-size=4 -Wformat -Werror=format-security -D_FORTIFY_SOURCE=2 conftest.c >&5
configure:4655: $? = 0
configure:4655: result: yes
configure:4655: checking fcntl.h presence
configure:4655: gcc -E -D_FORTIFY_SOURCE=2 conftest.c
configure:4655: $? = 0
configure:4655: result: yes
configure:4655: checking for fcntl.h
configure:4655: result: yes
configure:4655: checking float.h usability
configure:4655: gcc -c -g -O2 -fstack-protector --param=ssp-buffer-size=4 -Wformat -Werror=format-security -D_FORTIFY_SOURCE=2 conftest.c >&5
configure:4655: $? = 0
configure:4655: result: yes
configure:4655: checking float.h presence
configure:4655: gcc -E -D_FORTIFY_SOURCE=2 conftest.c
configure:4655: $? = 0
configure:4655: result: yes
configure:4655: checking for float.h
configure:4655: result: yes
configure:4655: checking limits.h usability
configure:4655: gcc -c -g -O2 -fstack-protector --param=ssp-buffer-size=4 -Wformat -Werror=format-security -D_FORTIFY_SOURCE=2 conftest.c >&5
configure:4655: $? = 0
configure:4655: result: yes
configure:4655: checking limits.h presence
configure:4655: gcc -E -D_FORTIFY_SOURCE=2 conftest.c
configure:4655: $? = 0
configure:4655: result: yes
configure:4655: checking for limits.h
configure:4655: result: yes
configure:4655: checking for stdlib.h
configure:4655: result: yes
configure:4655: checking for string.h
configure:4655: result: yes
configure:4655: checking sys/socket.h usability
configure:4655: gcc -c -g -O2 -fstack-protector --param=ssp-buffer-size=4 -Wformat -Werror=format-security -D_FORTIFY_SOURCE=2 conftest.c >&5
configure:4655: $? = 0
configure:4655: result: yes
configure:4655: checking sys/socket.h presence
configure:4655: gcc -E -D_FORTIFY_SOURCE=2 conftest.c
configure:4655: $? = 0
configure:4655: result: yes
configure:4655: checking for sys/socket.h
configure:4655: result: yes
configure:4667: checking for size_t
configure:4667: gcc -c -g -O2 -fstack-protector --param=ssp-buffer-size=4 -Wformat -Werror=format-security -D_FORTIFY_SOURCE=2 conftest.c >&5
configure:4667: $? = 0
configure:4667: gcc -c -g -O2 -fstack-protector --param=ssp-buffer-size=4 -Wformat -Werror=format-security -D_FORTIFY_SOURCE=2 conftest.c >&5
conftest.c: In function 'main':
conftest.c:66:21: error: expected expression before ')' token
 if (sizeof ((size_t)))
                     ^
configure:4667: $? = 1
configure: failed program was:
| /* confdefs.h */
| #define PACKAGE_NAME "user-manage-client"
| #define PACKAGE_TARNAME "user-manage-client"
| #define PACKAGE_VERSION "1.1.0"
| #define PACKAGE_STRING "user-manage-client 1.1.0"
| #define PACKAGE_BUGREPORT "NULL"
| #define PACKAGE_URL ""
| #define PACKAGE "user-manage-client"
| #define VERSION "1.1.0"
| #define HAVE_LIBM 1
| #define HAVE_LIBPTHREAD 1
| #define STDC_HEADERS 1
| #define HAVE_SYS_TYPES_H 1
| #define HAVE_SYS_STAT_H 1
| #define HAVE_STDLIB_H 1
| #define HAVE_STRING_H 1
| #define HAVE_MEMORY_H 1
| #define HAVE_STRINGS_H 1
| #define HAVE_INTTYPES_H 1
| #define HAVE_STDINT_H 1
| #define HAVE_UNISTD_H 1
| #define HAVE_ARPA_INET_H 1
| #define HAVE_FCNTL_H 1
| #define HAVE_FLOAT_H 1
| #define HAVE_LIMITS_H 1
| #define HAVE_STDLIB_H 1
| #define HAVE_STRING_H 1
| #define HAVE_SYS_SOCKET_H 1
| /* end confdefs.h.  */
| #include <stdio.h>
| #ifdef HAVE_SYS_TYPES_H
| # include <sys/types.h>
| #endif
| #ifdef HAVE_SYS_STAT_H
| # include <sys/stat.h>
| #endif
| #ifdef STDC_HEADERS
| # include <stdlib.h>
| # include <stddef.h>
| #else
| # ifdef HAVE_STDLIB_H
| #  include <stdlib.h>
| # endif
| #endif
| #ifdef HAVE_STRING_H
| # if !defined STDC_HEADERS && defined HAVE_MEMORY_H
| #  include <memory.h>
| # endif
| # include <string.h>
| #endif
| #ifdef HAVE_STRINGS_H
| # include <strings.h>
| #endif
| #ifdef HAVE_INTTYPES_H
| # include <inttypes.h>
| #endif
| #ifdef HAVE_STDINT_H
| # include <stdint.h>
| #endif
| #ifdef HAVE_UNISTD_H
| # include <unistd.h>
| #endif
| int
| main ()
| {
| if (sizeof ((size_t)))
| 	    return 0;
|   ;
|   return 0;
| }
configure:4667: result: yes
configure:4682: checking for stdlib.h
configure:4682: result: yes
configure:4692: checking for GNU libc compatible malloc
configure:4716: gcc -o conftest -g -O2 -fstack-protector --param=ssp-buffer-size=4 -Wformat -Werror=format-security -D_FORTIFY_SOURCE=2 -Wl,-Bsymbolic-functions -Wl,-z,relro conftest.c -lpthread -lm  >&5
configure:4716: $? = 0
configure:4716: ./conftest
configure:4716: $? = 0
configure:4726: result: yes
configure:4749: checking for stdlib.h
configure:4749: result: yes
configure:4759: checking for GNU libc compatible realloc
configure:4783: gcc -o conftest -g -O2 -fstack-protector --param=ssp-buffer-size=4 -Wformat -Werror=format-security -D_FORTIFY_SOURCE=2 -Wl,-Bsymbolic-functions -Wl,-z,relro conftest.c -lpthread -lm  >&5
configure:4783: $? = 0
configure:4783: ./conftest
configure:4783: $? = 0
configure:4793: result: yes
configure:4817: checking for bzero
configure:4817: gcc -o conftest -g -O2 -fstack-protector --param=ssp-buffer-size=4 -Wformat -Werror=format-security -D_FORTIFY_SOURCE=2 -Wl,-Bsymbolic-functions -Wl,-z,relro conftest.c -lpthread -lm  >&5
conftest.c:57:6: warning: conflicting types for built-in function 'bzero' [enabled by default]
 char bzero ();
      ^
configure:4817: $? = 0
configure:4817: result: yes
configure:4817: checking for floor
configure:4817: gcc -o conftest -g -O2 -fstack-protector --param=ssp-buffer-size=4 -Wformat -Werror=format-security -D_FORTIFY_SOURCE=2 -Wl,-Bsymbolic-functions -Wl,-z,relro conftest.c -lpthread -lm  >&5
conftest.c:58:6: warning: conflicting types for built-in function 'floor' [enabled by default]
 char floor ();
      ^
configure:4817: $? = 0
configure:4817: result: yes
configure:4817: checking for memset
configure:4817: gcc -o conftest -g -O2 -fstack-protector --param=ssp-buffer-size=4 -Wformat -Werror=format-security -D_FORTIFY_SOURCE=2 -Wl,-Bsymbolic-functions -Wl,-z,relro conftest.c -lpthread -lm  >&5
conftest.c:59:6: warning: conflicting types for built-in function 'memset' [enabled by default]
 char memset ();
      ^
configure:4817: $? = 0
configure:4817: result: yes
configure:4817: checking for pow
configure:4817: gcc -o conftest -g -O2 -fstack-protector --param=ssp-buffer-size=4 -Wformat -Werror=format-security -D_FORTIFY_SOURCE=2 -Wl,-Bsymbolic-functions -Wl,-z,relro conftest.c -lpthread -lm  >&5
conftest.c:60:6: warning: conflicting types for built-in function 'pow' [enabled by default]
 char pow ();
      ^
configure:4817: $? = 0
configure:4817: result: yes
configure:4817: checking for socket
configure:4817: gcc -o conftest -g -O2 -fstack-protector --param=ssp-buffer-size=4 -Wformat -Werror=format-security -D_FORTIFY_SOURCE=2 -Wl,-Bsymbolic-functions -Wl,-z,relro conftest.c -lpthread -lm  >&5
configure:4817: $? = 0
configure:4817: result: yes
configure:4817: checking for strchr
configure:4817: gcc -o conftest -g -O2 -fstack-protector --param=ssp-buffer-size=4 -Wformat -Werror=format-security -D_FORTIFY_SOURCE=2 -Wl,-Bsymbolic-functions -Wl,-z,relro conftest.c -lpthread -lm  >&5
conftest.c:62:6: warning: conflicting types for built-in function 'strchr' [enabled by default]
 char strchr ();
      ^
configure:4817: $? = 0
configure:4817: result: yes
configure:4938: checking that generated files are newer than configure
configure:4944: result: done
configure:4967: creating ./config.status

## ---------------------- ##
## Running config.status. ##
## ---------------------- ##

This file was extended by user-manage-client config.status 1.1.0, which was
generated by GNU Autoconf 2.69.  Invocation command line was

  CONFIG_FILES    = 
  CONFIG_HEADERS  = 
  CONFIG_LINKS    = 
  CONFIG_COMMANDS = 
  $ ./config.status 

on levi-TEST

config.status:877: creating Makefile
config.status:877: creating src/Makefile
config.status:877: creating config.h
config.status:1106: executing depfiles commands
configure:6280: WARNING: unrecognized options: --disable-maintainer-mode

## ---------------- ##
## Cache variables. ##
## ---------------- ##

ac_cv_c_compiler_gnu=yes
ac_cv_env_CC_set=
ac_cv_env_CC_value=
ac_cv_env_CFLAGS_set=set
ac_cv_env_CFLAGS_value='-g -O2 -fstack-protector --param=ssp-buffer-size=4 -Wformat -Werror=format-security'
ac_cv_env_CPPFLAGS_set=set
ac_cv_env_CPPFLAGS_value=-D_FORTIFY_SOURCE=2
ac_cv_env_CPP_set=
ac_cv_env_CPP_value=
ac_cv_env_LDFLAGS_set=set
ac_cv_env_LDFLAGS_value='-Wl,-Bsymbolic-functions -Wl,-z,relro'
ac_cv_env_LIBS_set=
ac_cv_env_LIBS_value=
ac_cv_env_build_alias_set=set
ac_cv_env_build_alias_value=i686-linux-gnu
ac_cv_env_host_alias_set=
ac_cv_env_host_alias_value=
ac_cv_env_target_alias_set=
ac_cv_env_target_alias_value=
ac_cv_func_bzero=yes
ac_cv_func_floor=yes
ac_cv_func_malloc_0_nonnull=yes
ac_cv_func_memset=yes
ac_cv_func_pow=yes
ac_cv_func_realloc_0_nonnull=yes
ac_cv_func_socket=yes
ac_cv_func_strchr=yes
ac_cv_header_arpa_inet_h=yes
ac_cv_header_fcntl_h=yes
ac_cv_header_float_h=yes
ac_cv_header_inttypes_h=yes
ac_cv_header_limits_h=yes
ac_cv_header_memory_h=yes
ac_cv_header_stdc=yes
ac_cv_header_stdint_h=yes
ac_cv_header_stdlib_h=yes
ac_cv_header_string_h=yes
ac_cv_header_strings_h=yes
ac_cv_header_sys_socket_h=yes
ac_cv_header_sys_stat_h=yes
ac_cv_header_sys_types_h=yes
ac_cv_header_unistd_h=yes
ac_cv_lib_gtkp_3_0_gtk_init=no
ac_cv_lib_m_pow=yes
ac_cv_lib_pthread_pthread_create=yes
ac_cv_objext=o
ac_cv_path_EGREP='/bin/grep -E'
ac_cv_path_GREP=/bin/grep
ac_cv_path_PKG_CONFIG=/usr/bin/pkg-config
ac_cv_path_install='/usr/bin/install -c'
ac_cv_path_mkdir=/bin/mkdir
ac_cv_prog_AWK=gawk
ac_cv_prog_CPP='gcc -E'
ac_cv_prog_ac_ct_CC=gcc
ac_cv_prog_cc_c89=
ac_cv_prog_cc_g=yes
ac_cv_prog_make_make_set=yes
ac_cv_type_size_t=yes
am_cv_CC_dependencies_compiler_type=none
am_cv_make_support_nested_variables=yes
am_cv_prog_cc_c_o=yes

## ----------------- ##
## Output variables. ##
## ----------------- ##

ACLOCAL='${SHELL} /home/levi/umdeb/usermanage-client-1.2.1/missing aclocal-1.14'
AMDEPBACKSLASH=''
AMDEP_FALSE=''
AMDEP_TRUE='#'
AMTAR='$${TAR-tar}'
AM_BACKSLASH='\'
AM_DEFAULT_V='$(AM_DEFAULT_VERBOSITY)'
AM_DEFAULT_VERBOSITY='1'
AM_V='$(V)'
AUTOCONF='${SHELL} /home/levi/umdeb/usermanage-client-1.2.1/missing autoconf'
AUTOHEADER='${SHELL} /home/levi/umdeb/usermanage-client-1.2.1/missing autoheader'
AUTOMAKE='${SHELL} /home/levi/umdeb/usermanage-client-1.2.1/missing automake-1.14'
AWK='gawk'
CC='gcc'
CCDEPMODE='depmode=none'
CFLAGS='-g -O2 -fstack-protector --param=ssp-buffer-size=4 -Wformat -Werror=format-security'
CPP='gcc -E'
CPPFLAGS='-D_FORTIFY_SOURCE=2'
CYGPATH_W='echo'
DEFS='-DHAVE_CONFIG_H'
DEPDIR='.deps'
ECHO_C=''
ECHO_N='-n'
ECHO_T=''
EGREP='/bin/grep -E'
EXEEXT=''
GREP='/bin/grep'
GTK_CFLAGS='-pthread -I/usr/include/gtk-3.0 -I/usr/include/atk-1.0 -I/usr/include/at-spi2-atk/2.0 -I/usr/include/pango-1.0 -I/usr/include/gio-unix-2.0/ -I/usr/include/cairo -I/usr/include/gdk-pixbuf-2.0 -I/usr/include/glib-2.0 -I/usr/lib/i386-linux-gnu/glib-2.0/include -I/usr/include/harfbuzz -I/usr/include/freetype2 -I/usr/include/pixman-1 -I/usr/include/libpng12  '
GTK_LIBS='-lgtk-3 -lgdk-3 -latk-1.0 -lgio-2.0 -lpangocairo-1.0 -lgdk_pixbuf-2.0 -lcairo-gobject -lpango-1.0 -lcairo -lgobject-2.0 -lglib-2.0  '
INSTALL_DATA='${INSTALL} -m 644'
INSTALL_PROGRAM='${INSTALL}'
INSTALL_SCRIPT='${INSTALL}'
INSTALL_STRIP_PROGRAM='$(install_sh) -c -s'
LDFLAGS='-Wl,-Bsymbolic-functions -Wl,-z,relro'
LIBOBJS=''
LIBS='-lpthread -lm '
LTLIBOBJS=''
MAKEINFO='${SHELL} /home/levi/umdeb/usermanage-client-1.2.1/missing makeinfo'
MKDIR_P='/bin/mkdir -p'
OBJEXT='o'
PACKAGE='user-manage-client'
PACKAGE_BUGREPORT='NULL'
PACKAGE_NAME='user-manage-client'
PACKAGE_STRING='user-manage-client 1.1.0'
PACKAGE_TARNAME='user-manage-client'
PACKAGE_URL=''
PACKAGE_VERSION='1.1.0'
PATH_SEPARATOR=':'
PKG_CONFIG='/usr/bin/pkg-config'
SET_MAKE=''
SHELL='/bin/bash'
STRIP=''
VERSION='1.1.0'
ac_ct_CC='gcc'
am__EXEEXT_FALSE=''
am__EXEEXT_TRUE='#'
am__fastdepCC_FALSE=''
am__fastdepCC_TRUE='#'
am__include='include'
am__isrc=''
am__leading_dot='.'
am__nodep=''
am__quote=''
am__tar='$${TAR-tar} chof - "$$tardir"'
am__untar='$${TAR-tar} xf -'
bindir='${exec_prefix}/bin'
build_alias='i686-linux-gnu'
datadir='${datarootdir}'
datarootdir='${prefix}/share'
docdir='${datarootdir}/doc/${PACKAGE_TARNAME}'
dvidir='${docdir}'
exec_prefix='${prefix}'
host_alias=''
htmldir='${docdir}'
includedir='${prefix}/include'
infodir='${prefix}/share/info'
install_sh='${SHELL} /home/levi/umdeb/usermanage-client-1.2.1/install-sh'
libdir='${prefix}/lib/i386-linux-gnu'
libexecdir='${prefix}/lib/i386-linux-gnu'
localedir='${datarootdir}/locale'
localstatedir='/var'
mandir='${prefix}/share/man'
mkdir_p='$(MKDIR_P)'
oldincludedir='/usr/include'
pdfdir='${docdir}'
prefix='/usr'
program_transform_name='s,x,x,'
psdir='${docdir}'
sbindir='${exec_prefix}/sbin'
sharedstatedir='${prefix}/com'
sysconfdir='/etc'
target_alias=''

## ----------- ##
## confdefs.h. ##
## ----------- ##

/* confdefs.h */
#define PACKAGE_NAME "user-manage-client"
#define PACKAGE_TARNAME "user-manage-client"
#define PACKAGE_VERSION "1.1.0"
#define PACKAGE_STRING "user-manage-client 1.1.0"
#define PACKAGE_BUGREPORT "NULL"
#define PACKAGE_URL ""
#define PACKAGE "user-manage-client"
#define VERSION "1.1.0"
#define HAVE_LIBM 1
#define HAVE_LIBPTHREAD 1
#define STDC_HEADERS 1
#define HAVE_SYS_TYPES_H 1
#define HAVE_SYS_STAT_H 1
#define HAVE_STDLIB_H 1
#define HAVE_STRING_H 1
#define HAVE_MEMORY_H 1
#define HAVE_STRINGS_H 1
#define HAVE_INTTYPES_H 1
#define HAVE_STDINT_H 1
#define HAVE_UNISTD_H 1
#define HAVE_ARPA_INET_H 1
#define HAVE_FCNTL_H 1
#define HAVE_FLOAT_H 1
#define HAVE_LIMITS_H 1
#define HAVE_STDLIB_H 1
#define HAVE_STRING_H 1
#define HAVE_SYS_SOCKET_H 1
#define HAVE_STDLIB_H 1
#define HAVE_MALLOC 1
#define HAVE_STDLIB_H 1
#define HAVE_REALLOC 1
#define HAVE_BZERO 1
#define HAVE_FLOOR 1
#define HAVE_MEMSET 1
#define HAVE_POW 1
#define HAVE_SOCKET 1
#define HAVE_STRCHR 1

configure: exit 0
